---Extraction ven.  18 janv. 2026 18:12:13 CET---
Learnings fetched
Learnings Extracted
Extraction finished

---Extraction ven.  18 janv. 2026 18:13:39 CET---
Learnings fetched
25 Learnings Extracted
Extraction finished

---Extraction ven.  18 janv. 2026 18:15:39 CET---
Learnings fetched
26 Learnings Extracted
Extraction finished

---Extraction ven.  18 janv. 2026 18:18:17 CET---
Learnings fetched
26 Learnings Extracted
Extraction finished

---Extraction Fri Jan  18 18:30:00 CET 2026---
Learnings fetched
26 Learnings Extracted
Extraction finished

---Extraction Sat Jan  18 18:30:00 CET 2026---
Learnings fetched
26 Learnings Extracted
Extraction finished
